[ 2016-11-03T19:08:36+08:00 ] ::1 /applicationServer/Home/City/GetCityList
INFO: [ app_init ] --START--
INFO: Run Behavior\BuildLiteBehavior [ RunTime:0.000025s ]
INFO: [ app_init ] --END-- [ RunTime:0.000550s ]
INFO: [ app_begin ] --START--
INFO: Run Behavior\ReadHtmlCacheBehavior [ RunTime:0.000821s ]
INFO: [ app_begin ] --END-- [ RunTime:0.000932s ]
SQL: SHOW COLUMNS FROM `City` [ RunTime:0.0050s ]
SQL: SELECT * FROM `City` ORDER BY City  [ RunTime:0.0026s ]

[ 2016-11-03T19:09:46+08:00 ] ::1 /applicationServer/Home/City/GetCityList
INFO: [ app_init ] --START--
INFO: Run Behavior\BuildLiteBehavior [ RunTime:0.000026s ]
INFO: [ app_init ] --END-- [ RunTime:0.000590s ]
INFO: [ app_begin ] --START--
INFO: Run Behavior\ReadHtmlCacheBehavior [ RunTime:0.000834s ]
INFO: [ app_begin ] --END-- [ RunTime:0.000964s ]
SQL: SHOW COLUMNS FROM `City` [ RunTime:0.0055s ]
SQL: SELECT * FROM `City` ORDER BY City  [ RunTime:0.0025s ]

[ 2016-11-03T19:15:20+08:00 ] ::1 /applicationServer/Home/City/GetCityOfCountry
INFO: [ app_init ] --START--
INFO: Run Behavior\BuildLiteBehavior [ RunTime:0.000029s ]
INFO: [ app_init ] --END-- [ RunTime:0.000856s ]
INFO: [ app_begin ] --START--
INFO: Run Behavior\ReadHtmlCacheBehavior [ RunTime:0.000744s ]
INFO: [ app_begin ] --END-- [ RunTime:0.000924s ]
ERR: 参数错误或者未定义:countryid

[ 2016-11-03T19:15:34+08:00 ] ::1 /applicationServer/Home/City/GetCityOfCountry/6
INFO: [ app_init ] --START--
INFO: Run Behavior\BuildLiteBehavior [ RunTime:0.000025s ]
INFO: [ app_init ] --END-- [ RunTime:0.000519s ]
INFO: [ app_begin ] --START--
INFO: Run Behavior\ReadHtmlCacheBehavior [ RunTime:0.000678s ]
INFO: [ app_begin ] --END-- [ RunTime:0.000802s ]
ERR: 参数错误或者未定义:countryid

[ 2016-11-03T19:15:40+08:00 ] ::1 /applicationServer/Home/City/GetCityOfCountry
INFO: [ app_init ] --START--
INFO: Run Behavior\BuildLiteBehavior [ RunTime:0.000026s ]
INFO: [ app_init ] --END-- [ RunTime:0.000552s ]
INFO: [ app_begin ] --START--
INFO: Run Behavior\ReadHtmlCacheBehavior [ RunTime:0.000713s ]
INFO: [ app_begin ] --END-- [ RunTime:0.000839s ]
ERR: 参数错误或者未定义:countryid

[ 2016-11-03T19:16:30+08:00 ] ::1 /applicationServer/Home/City/GetCityOfCountry/6
INFO: [ app_init ] --START--
INFO: Run Behavior\BuildLiteBehavior [ RunTime:0.000039s ]
INFO: [ app_init ] --END-- [ RunTime:0.000639s ]
INFO: [ app_begin ] --START--
INFO: Run Behavior\ReadHtmlCacheBehavior [ RunTime:0.000844s ]
INFO: [ app_begin ] --END-- [ RunTime:0.000973s ]
SQL: SHOW COLUMNS FROM `City` [ RunTime:0.0061s ]
SQL: SELECT * FROM `City` WHERE ( country_id='6' ) ORDER BY City  [ RunTime:0.0016s ]

[ 2016-11-03T19:20:58+08:00 ] ::1 /applicationServer/Home/City/GetCity2/6
INFO: [ app_init ] --START--
INFO: Run Behavior\BuildLiteBehavior [ RunTime:0.000034s ]
INFO: [ app_init ] --END-- [ RunTime:0.000739s ]
INFO: [ app_begin ] --START--
INFO: Run Behavior\ReadHtmlCacheBehavior [ RunTime:0.001006s ]
INFO: [ app_begin ] --END-- [ RunTime:0.001133s ]
ERR: 参数错误或者未定义:countryid

[ 2016-11-03T19:21:41+08:00 ] ::1 /applicationServer/Home/City/GetCity2/6
INFO: [ app_init ] --START--
INFO: Run Behavior\BuildLiteBehavior [ RunTime:0.000025s ]
INFO: [ app_init ] --END-- [ RunTime:0.000510s ]
INFO: [ app_begin ] --START--
INFO: Run Behavior\ReadHtmlCacheBehavior [ RunTime:0.000804s ]
INFO: [ app_begin ] --END-- [ RunTime:0.000924s ]
ERR: 参数错误或者未定义:firstletter

[ 2016-11-03T19:22:04+08:00 ] ::1 /applicationServer/Home/City/GetCity2/6/B
INFO: [ app_init ] --START--
INFO: Run Behavior\BuildLiteBehavior [ RunTime:0.000030s ]
INFO: [ app_init ] --END-- [ RunTime:0.000615s ]
INFO: [ app_begin ] --START--
INFO: Run Behavior\ReadHtmlCacheBehavior [ RunTime:0.000957s ]
INFO: [ app_begin ] --END-- [ RunTime:0.001096s ]
ERR: 参数错误或者未定义:firstletter

[ 2016-11-03T19:22:43+08:00 ] ::1 /applicationServer/Home/City/GetCity2/6/B
INFO: [ app_init ] --START--
INFO: Run Behavior\BuildLiteBehavior [ RunTime:0.000024s ]
INFO: [ app_init ] --END-- [ RunTime:0.000493s ]
INFO: [ app_begin ] --START--
INFO: Run Behavior\ReadHtmlCacheBehavior [ RunTime:0.000851s ]
INFO: [ app_begin ] --END-- [ RunTime:0.000989s ]
SQL: SHOW COLUMNS FROM `City` [ RunTime:0.0061s ]
NOTIC: [2] vsprintf(): Too few arguments C:\wamp64\www\applicationServer\ThinkPHP\Library\Think\Model.class.php 第 1804 行.
SQL: SELECT * FROM `City` ORDER BY City  [ RunTime:0.0023s ]

[ 2016-11-03T19:27:58+08:00 ] ::1 /applicationServer/Home/City/GetCity2/6/B
INFO: [ app_init ] --START--
INFO: Run Behavior\BuildLiteBehavior [ RunTime:0.000027s ]
INFO: [ app_init ] --END-- [ RunTime:0.000624s ]
INFO: [ app_begin ] --START--
INFO: Run Behavior\ReadHtmlCacheBehavior [ RunTime:0.000943s ]
INFO: [ app_begin ] --END-- [ RunTime:0.001091s ]
SQL: SHOW COLUMNS FROM `City` [ RunTime:0.0073s ]
NOTIC: [2] vsprintf(): Too few arguments C:\wamp64\www\applicationServer\ThinkPHP\Library\Think\Model.class.php 第 1804 行.
SQL: SELECT `city_id`,`city` FROM `City` ORDER BY City  [ RunTime:0.0020s ]

[ 2016-11-03T20:13:08+08:00 ] ::1 /applicationServer/Home/Film/GetFilmListByActor/1
INFO: [ app_init ] --START--
INFO: Run Behavior\BuildLiteBehavior [ RunTime:0.000044s ]
INFO: [ app_init ] --END-- [ RunTime:0.001188s ]
INFO: [ app_begin ] --START--
INFO: Run Behavior\ReadHtmlCacheBehavior [ RunTime:0.001398s ]
INFO: [ app_begin ] --END-- [ RunTime:0.001580s ]
SQL: SHOW COLUMNS FROM `film` [ RunTime:0.0076s ]
SQL: SELECT * FROM `film` Right Join film_actor on film.film_id=film_actor.film_id  WHERE ( actor_id='1' )  [ RunTime:0.0008s ]

[ 2016-11-03T20:15:40+08:00 ] ::1 /applicationServer/Home/Film/GetFilmListByActor/1
INFO: [ app_init ] --START--
INFO: Run Behavior\BuildLiteBehavior [ RunTime:0.000026s ]
INFO: [ app_init ] --END-- [ RunTime:0.000824s ]
INFO: [ app_begin ] --START--
INFO: Run Behavior\ReadHtmlCacheBehavior [ RunTime:0.000818s ]
INFO: [ app_begin ] --END-- [ RunTime:0.000973s ]
SQL: SHOW COLUMNS FROM `film` [ RunTime:0.0064s ]
SQL: SELECT * FROM `film` Right Join film_actor on film.film_id=film_actor.film_id  WHERE ( actor_id='1' )  [ RunTime:0.0007s ]

[ 2016-11-03T20:15:55+08:00 ] ::1 /applicationServer/Home/Film/GetFilmListByActor/1
INFO: [ app_init ] --START--
INFO: Run Behavior\BuildLiteBehavior [ RunTime:0.000028s ]
INFO: [ app_init ] --END-- [ RunTime:0.000566s ]
INFO: [ app_begin ] --START--
INFO: Run Behavior\ReadHtmlCacheBehavior [ RunTime:0.000918s ]
INFO: [ app_begin ] --END-- [ RunTime:0.001060s ]
SQL: SHOW COLUMNS FROM `film` [ RunTime:0.0057s ]
SQL: SELECT * FROM `film` Right Join film_actor on film.film_id=film_actor.film_id  WHERE ( actor_id='1' )  [ RunTime:0.0007s ]

[ 2016-11-03T20:15:56+08:00 ] ::1 /applicationServer/Home/Film/GetFilmListByActor/1
INFO: [ app_init ] --START--
INFO: Run Behavior\BuildLiteBehavior [ RunTime:0.000026s ]
INFO: [ app_init ] --END-- [ RunTime:0.000526s ]
INFO: [ app_begin ] --START--
INFO: Run Behavior\ReadHtmlCacheBehavior [ RunTime:0.000873s ]
INFO: [ app_begin ] --END-- [ RunTime:0.001004s ]
SQL: SHOW COLUMNS FROM `film` [ RunTime:0.0056s ]
SQL: SELECT * FROM `film` Right Join film_actor on film.film_id=film_actor.film_id  WHERE ( actor_id='1' )  [ RunTime:0.0007s ]

[ 2016-11-03T20:16:49+08:00 ] ::1 /applicationServer/Home/Film/GetFilmListByActor/1
INFO: [ app_init ] --START--
INFO: Run Behavior\BuildLiteBehavior [ RunTime:0.000030s ]
INFO: [ app_init ] --END-- [ RunTime:0.000619s ]
INFO: [ app_begin ] --START--
INFO: Run Behavior\ReadHtmlCacheBehavior [ RunTime:0.000804s ]
INFO: [ app_begin ] --END-- [ RunTime:0.000925s ]
SQL: SHOW COLUMNS FROM `film` [ RunTime:0.0059s ]
SQL: SELECT * FROM `film` Right Join film_actor on film.film_id=film_actor.film_id  WHERE ( actor_id='1' )  [ RunTime:0.0006s ]

[ 2016-11-03T20:18:03+08:00 ] ::1 /applicationServer/Home/Film/GetFilmListByActor/1
INFO: [ app_init ] --START--
INFO: Run Behavior\BuildLiteBehavior [ RunTime:0.000044s ]
INFO: [ app_init ] --END-- [ RunTime:0.000847s ]
INFO: [ app_begin ] --START--
INFO: Run Behavior\ReadHtmlCacheBehavior [ RunTime:0.000885s ]
INFO: [ app_begin ] --END-- [ RunTime:0.001049s ]
SQL: SHOW COLUMNS FROM `film` [ RunTime:0.0053s ]
SQL: SELECT * FROM `film` Right Join film_actor on film.film_id=film_actor.film_id  WHERE ( actor_id='1' )  [ RunTime:0.0006s ]

[ 2016-11-03T20:19:29+08:00 ] ::1 /applicationServer/Home/Film/GetFilmListByActor/1
INFO: [ app_init ] --START--
INFO: Run Behavior\BuildLiteBehavior [ RunTime:0.000026s ]
INFO: [ app_init ] --END-- [ RunTime:0.000617s ]
INFO: [ app_begin ] --START--
INFO: Run Behavior\ReadHtmlCacheBehavior [ RunTime:0.000838s ]
INFO: [ app_begin ] --END-- [ RunTime:0.000967s ]
SQL: SHOW COLUMNS FROM `film` [ RunTime:0.0058s ]
SQL: SELECT * FROM `film` Right Join film_actor on film.film_id=film_actor.film_id  WHERE ( actor_id='1' ) LIMIT 5   [ RunTime:0.0006s ]

[ 2016-11-03T20:22:05+08:00 ] ::1 /applicationServer/Home/Film/GetFilmListByActor/1
INFO: [ app_init ] --START--
INFO: Run Behavior\BuildLiteBehavior [ RunTime:0.000027s ]
INFO: [ app_init ] --END-- [ RunTime:0.000574s ]
INFO: [ app_begin ] --START--
INFO: Run Behavior\ReadHtmlCacheBehavior [ RunTime:0.000755s ]
INFO: [ app_begin ] --END-- [ RunTime:0.000886s ]
SQL: SHOW COLUMNS FROM `film` [ RunTime:0.0057s ]
SQL: SELECT * FROM `film` Right Join film_actor on film.film_id=film_actor.film_id  WHERE ( actor_id='1' ) LIMIT 5   [ RunTime:0.0004s ]

[ 2016-11-03T20:34:15+08:00 ] ::1 /applicationServer/Home/Actor
INFO: [ app_init ] --START--
INFO: Run Behavior\BuildLiteBehavior [ RunTime:0.000029s ]
INFO: [ app_init ] --END-- [ RunTime:0.000738s ]
INFO: [ app_begin ] --START--
INFO: Run Behavior\ReadHtmlCacheBehavior [ RunTime:0.000813s ]
INFO: [ app_begin ] --END-- [ RunTime:0.000941s ]
ERR: 非法操作:index

[ 2016-11-03T20:35:12+08:00 ] ::1 /applicationServer/Home/Actor
INFO: [ app_init ] --START--
INFO: Run Behavior\BuildLiteBehavior [ RunTime:0.000027s ]
INFO: [ app_init ] --END-- [ RunTime:0.000902s ]
INFO: [ app_begin ] --START--
INFO: Run Behavior\ReadHtmlCacheBehavior [ RunTime:0.000771s ]
INFO: [ app_begin ] --END-- [ RunTime:0.000894s ]
NOTIC: [8] Array to string conversion C:\wamp64\www\applicationServer\ThinkPHP\Library\Think\Controller\RestController.class.php 第 232 行.

[ 2016-11-03T20:35:16+08:00 ] ::1 /applicationServer/Home/Actor
INFO: [ app_init ] --START--
INFO: Run Behavior\BuildLiteBehavior [ RunTime:0.000038s ]
INFO: [ app_init ] --END-- [ RunTime:0.000776s ]
INFO: [ app_begin ] --START--
INFO: Run Behavior\ReadHtmlCacheBehavior [ RunTime:0.001339s ]
INFO: [ app_begin ] --END-- [ RunTime:0.001625s ]
NOTIC: [8] Array to string conversion C:\wamp64\www\applicationServer\ThinkPHP\Library\Think\Controller\RestController.class.php 第 232 行.

[ 2016-11-03T20:35:23+08:00 ] ::1 /applicationServer/Home/Actor
INFO: [ app_init ] --START--
INFO: Run Behavior\BuildLiteBehavior [ RunTime:0.000046s ]
INFO: [ app_init ] --END-- [ RunTime:0.000900s ]
INFO: [ app_begin ] --START--
INFO: Run Behavior\ReadHtmlCacheBehavior [ RunTime:0.001276s ]
INFO: [ app_begin ] --END-- [ RunTime:0.001519s ]
NOTIC: [8] Array to string conversion C:\wamp64\www\applicationServer\ThinkPHP\Library\Think\Controller\RestController.class.php 第 232 行.

[ 2016-11-03T20:36:49+08:00 ] ::1 /applicationServer/Home/Actor
INFO: [ app_init ] --START--
INFO: Run Behavior\BuildLiteBehavior [ RunTime:0.000023s ]
INFO: [ app_init ] --END-- [ RunTime:0.000499s ]
INFO: [ app_begin ] --START--
INFO: Run Behavior\ReadHtmlCacheBehavior [ RunTime:0.000887s ]
INFO: [ app_begin ] --END-- [ RunTime:0.001084s ]
NOTIC: [8] Array to string conversion C:\wamp64\www\applicationServer\ThinkPHP\Library\Think\Controller\RestController.class.php 第 232 行.

[ 2016-11-03T20:37:07+08:00 ] ::1 /applicationServer/Home/Actor
INFO: [ app_init ] --START--
INFO: Run Behavior\BuildLiteBehavior [ RunTime:0.000024s ]
INFO: [ app_init ] --END-- [ RunTime:0.000553s ]
INFO: [ app_begin ] --START--
INFO: Run Behavior\ReadHtmlCacheBehavior [ RunTime:0.000773s ]
INFO: [ app_begin ] --END-- [ RunTime:0.000896s ]
INFO: [ app_end ] --START--
INFO: Run Behavior\ShowPageTraceBehavior [ RunTime:0.001585s ]
INFO: [ app_end ] --END-- [ RunTime:0.001866s ]

[ 2016-11-03T20:37:16+08:00 ] ::1 /applicationServer/Home/Actor
INFO: [ app_init ] --START--
INFO: Run Behavior\BuildLiteBehavior [ RunTime:0.000047s ]
INFO: [ app_init ] --END-- [ RunTime:0.000863s ]
INFO: [ app_begin ] --START--
INFO: Run Behavior\ReadHtmlCacheBehavior [ RunTime:0.001972s ]
INFO: [ app_begin ] --END-- [ RunTime:0.003817s ]
INFO: [ app_end ] --START--
INFO: Run Behavior\ShowPageTraceBehavior [ RunTime:0.001873s ]
INFO: [ app_end ] --END-- [ RunTime:0.002173s ]

[ 2016-11-03T20:39:05+08:00 ] ::1 /applicationServer/Home/Actor
INFO: [ app_init ] --START--
INFO: Run Behavior\BuildLiteBehavior [ RunTime:0.000050s ]
INFO: [ app_init ] --END-- [ RunTime:0.001357s ]
INFO: [ app_begin ] --START--
INFO: Run Behavior\ReadHtmlCacheBehavior [ RunTime:0.001925s ]
INFO: [ app_begin ] --END-- [ RunTime:0.002252s ]
INFO: [ app_end ] --START--
INFO: Run Behavior\ShowPageTraceBehavior [ RunTime:0.001179s ]
INFO: [ app_end ] --END-- [ RunTime:0.001339s ]

[ 2016-11-03T20:40:26+08:00 ] ::1 /applicationServer/Home/Actor
INFO: [ app_init ] --START--
INFO: Run Behavior\BuildLiteBehavior [ RunTime:0.000029s ]
INFO: [ app_init ] --END-- [ RunTime:0.000744s ]
INFO: [ app_begin ] --START--
INFO: Run Behavior\ReadHtmlCacheBehavior [ RunTime:0.001104s ]
INFO: [ app_begin ] --END-- [ RunTime:0.001284s ]
INFO: [ app_end ] --START--
INFO: Run Behavior\ShowPageTraceBehavior [ RunTime:0.001290s ]
INFO: [ app_end ] --END-- [ RunTime:0.001473s ]

[ 2016-11-03T20:40:52+08:00 ] ::1 /applicationServer/Home/Actor
INFO: [ app_init ] --START--
INFO: Run Behavior\BuildLiteBehavior [ RunTime:0.000042s ]
INFO: [ app_init ] --END-- [ RunTime:0.000743s ]
INFO: [ app_begin ] --START--
INFO: Run Behavior\ReadHtmlCacheBehavior [ RunTime:0.000773s ]
INFO: [ app_begin ] --END-- [ RunTime:0.000895s ]
INFO: [ app_end ] --START--
INFO: Run Behavior\ShowPageTraceBehavior [ RunTime:0.001291s ]
INFO: [ app_end ] --END-- [ RunTime:0.001457s ]

[ 2016-11-03T20:41:03+08:00 ] ::1 /applicationServer/Home/Actor
INFO: [ app_init ] --START--
INFO: Run Behavior\BuildLiteBehavior [ RunTime:0.000047s ]
INFO: [ app_init ] --END-- [ RunTime:0.000862s ]
INFO: [ app_begin ] --START--
INFO: Run Behavior\ReadHtmlCacheBehavior [ RunTime:0.000850s ]
INFO: [ app_begin ] --END-- [ RunTime:0.000996s ]
INFO: [ app_end ] --START--
INFO: Run Behavior\ShowPageTraceBehavior [ RunTime:0.000891s ]
INFO: [ app_end ] --END-- [ RunTime:0.001019s ]

[ 2016-11-03T20:41:30+08:00 ] ::1 /applicationServer/Home/Actor
INFO: [ app_init ] --START--
INFO: Run Behavior\BuildLiteBehavior [ RunTime:0.000032s ]
INFO: [ app_init ] --END-- [ RunTime:0.000596s ]
INFO: [ app_begin ] --START--
INFO: Run Behavior\ReadHtmlCacheBehavior [ RunTime:0.000774s ]
INFO: [ app_begin ] --END-- [ RunTime:0.000895s ]
INFO: [ app_end ] --START--
INFO: Run Behavior\ShowPageTraceBehavior [ RunTime:0.001168s ]
INFO: [ app_end ] --END-- [ RunTime:0.001299s ]

[ 2016-11-03T20:43:03+08:00 ] ::1 /applicationServer/Home/Actor
INFO: [ app_init ] --START--
INFO: Run Behavior\BuildLiteBehavior [ RunTime:0.000060s ]
INFO: [ app_init ] --END-- [ RunTime:0.001264s ]
INFO: [ app_begin ] --START--
INFO: Run Behavior\ReadHtmlCacheBehavior [ RunTime:0.000699s ]
INFO: [ app_begin ] --END-- [ RunTime:0.000862s ]
ERR: 非法操作:index

[ 2016-11-03T20:43:11+08:00 ] ::1 /applicationServer/Home/Actor/GetActorList
INFO: [ app_init ] --START--
INFO: Run Behavior\BuildLiteBehavior [ RunTime:0.000028s ]
INFO: [ app_init ] --END-- [ RunTime:0.000603s ]
INFO: [ app_begin ] --START--
INFO: Run Behavior\ReadHtmlCacheBehavior [ RunTime:0.000752s ]
INFO: [ app_begin ] --END-- [ RunTime:0.000910s ]
SQL: SHOW COLUMNS FROM `Actor` [ RunTime:0.0064s ]
SQL: SELECT * FROM `Actor` ORDER BY last_name  [ RunTime:0.0015s ]

[ 2016-11-03T20:43:31+08:00 ] ::1 /applicationServer/Home/City/GetCityOfCountry/
INFO: [ app_init ] --START--
INFO: Run Behavior\BuildLiteBehavior [ RunTime:0.000027s ]
INFO: [ app_init ] --END-- [ RunTime:0.000617s ]
INFO: [ app_begin ] --START--
INFO: Run Behavior\ReadHtmlCacheBehavior [ RunTime:0.000761s ]
INFO: [ app_begin ] --END-- [ RunTime:0.000933s ]
ERR: 参数错误或者未定义:countryid

[ 2016-11-03T20:43:39+08:00 ] ::1 /applicationServer/Home/City/GetCityOfCountry/1
INFO: [ app_init ] --START--
INFO: Run Behavior\BuildLiteBehavior [ RunTime:0.000056s ]
INFO: [ app_init ] --END-- [ RunTime:0.000778s ]
INFO: [ app_begin ] --START--
INFO: Run Behavior\ReadHtmlCacheBehavior [ RunTime:0.001157s ]
INFO: [ app_begin ] --END-- [ RunTime:0.001403s ]
SQL: SHOW COLUMNS FROM `City` [ RunTime:0.0058s ]
SQL: SELECT * FROM `City` WHERE ( country_id='1' ) ORDER BY City  [ RunTime:0.0006s ]

[ 2016-11-03T20:43:58+08:00 ] ::1 /applicationServer/Home/City/GetCity2/1
INFO: [ app_init ] --START--
INFO: Run Behavior\BuildLiteBehavior [ RunTime:0.000038s ]
INFO: [ app_init ] --END-- [ RunTime:0.000757s ]
INFO: [ app_begin ] --START--
INFO: Run Behavior\ReadHtmlCacheBehavior [ RunTime:0.000597s ]
INFO: [ app_begin ] --END-- [ RunTime:0.000724s ]
ERR: 参数错误或者未定义:countryid

[ 2016-11-03T20:46:01+08:00 ] ::1 /applicationServer/Home/Actor
INFO: [ app_init ] --START--
INFO: Run Behavior\BuildLiteBehavior [ RunTime:0.000026s ]
INFO: [ app_init ] --END-- [ RunTime:0.000736s ]
INFO: [ app_begin ] --START--
INFO: Run Behavior\ReadHtmlCacheBehavior [ RunTime:0.000726s ]
INFO: [ app_begin ] --END-- [ RunTime:0.000862s ]
INFO: [ app_end ] --START--
INFO: Run Behavior\ShowPageTraceBehavior [ RunTime:0.000841s ]
INFO: [ app_end ] --END-- [ RunTime:0.000969s ]

[ 2016-11-03T20:53:10+08:00 ] ::1 /applicationServer/Home/Actor?firstname=xcvxvxc&lasrname=seerer
INFO: [ app_init ] --START--
INFO: Run Behavior\BuildLiteBehavior [ RunTime:0.000026s ]
INFO: [ app_init ] --END-- [ RunTime:0.000573s ]
INFO: [ app_begin ] --START--
INFO: Run Behavior\ReadHtmlCacheBehavior [ RunTime:0.000723s ]
INFO: [ app_begin ] --END-- [ RunTime:0.000847s ]
INFO: [ app_end ] --START--
INFO: Run Behavior\ShowPageTraceBehavior [ RunTime:0.000824s ]
INFO: [ app_end ] --END-- [ RunTime:0.000945s ]

[ 2016-11-03T20:53:42+08:00 ] ::1 /applicationServer/Home/Actor?firstname=xcvxvxc&lasrname=seerer
INFO: [ app_init ] --START--
INFO: Run Behavior\BuildLiteBehavior [ RunTime:0.000029s ]
INFO: [ app_init ] --END-- [ RunTime:0.000682s ]
INFO: [ app_begin ] --START--
INFO: Run Behavior\ReadHtmlCacheBehavior [ RunTime:0.000584s ]
INFO: [ app_begin ] --END-- [ RunTime:0.000712s ]
INFO: [ app_end ] --START--
INFO: Run Behavior\ShowPageTraceBehavior [ RunTime:0.000814s ]
INFO: [ app_end ] --END-- [ RunTime:0.000988s ]

[ 2016-11-03T20:54:01+08:00 ] ::1 /applicationServer/Home/Actor?firstname=xcvxvxc&lasrname=seerer
INFO: [ app_init ] --START--
INFO: Run Behavior\BuildLiteBehavior [ RunTime:0.000026s ]
INFO: [ app_init ] --END-- [ RunTime:0.000688s ]
INFO: [ app_begin ] --START--
INFO: Run Behavior\ReadHtmlCacheBehavior [ RunTime:0.000920s ]
INFO: [ app_begin ] --END-- [ RunTime:0.001147s ]
INFO: [ app_end ] --START--
INFO: Run Behavior\ShowPageTraceBehavior [ RunTime:0.000714s ]
INFO: [ app_end ] --END-- [ RunTime:0.000837s ]

[ 2016-11-03T20:56:06+08:00 ] ::1 /applicationServer/Home/City?firstname=6&lasrname=
INFO: [ app_init ] --START--
INFO: Run Behavior\BuildLiteBehavior [ RunTime:0.000029s ]
INFO: [ app_init ] --END-- [ RunTime:0.000662s ]
INFO: [ app_begin ] --START--
INFO: Run Behavior\ReadHtmlCacheBehavior [ RunTime:0.000735s ]
INFO: [ app_begin ] --END-- [ RunTime:0.000874s ]
SQL: SHOW COLUMNS FROM `City` [ RunTime:0.0050s ]
SQL: SELECT * FROM `City` WHERE ( country_id='6' ) ORDER BY City  [ RunTime:0.0005s ]

