[ 2019-06-12T18:43:46+08:00 ] ::1 /LibrarySystem/index.php
INFO: [ app_init ] --START--
INFO: Run Behavior\BuildLiteBehavior [ RunTime:0.000036s ]
INFO: [ app_init ] --END-- [ RunTime:0.003570s ]
INFO: [ app_begin ] --START--
INFO: Run Behavior\ReadHtmlCacheBehavior [ RunTime:0.002279s ]
INFO: [ app_begin ] --END-- [ RunTime:0.002677s ]
INFO: [ view_parse ] --START--
INFO: [ template_filter ] --START--
INFO: Run Behavior\ContentReplaceBehavior [ RunTime:0.009009s ]
INFO: [ template_filter ] --END-- [ RunTime:0.009197s ]
INFO: Run Behavior\ParseTemplateBehavior [ RunTime:0.042806s ]
INFO: [ view_parse ] --END-- [ RunTime:0.043001s ]
INFO: [ view_filter ] --START--
INFO: Run Behavior\WriteHtmlCacheBehavior [ RunTime:0.030505s ]
INFO: [ view_filter ] --END-- [ RunTime:0.030680s ]
INFO: [ app_end ] --START--
INFO: Run Behavior\ShowPageTraceBehavior [ RunTime:0.010735s ]
INFO: [ app_end ] --END-- [ RunTime:0.010905s ]

[ 2019-06-12T18:43:51+08:00 ] ::1 /LibrarySystem/Home/Login/postLogin
INFO: [ app_init ] --START--
INFO: Run Behavior\BuildLiteBehavior [ RunTime:0.000021s ]
INFO: [ app_init ] --END-- [ RunTime:0.000388s ]
INFO: [ app_begin ] --START--
INFO: Run Behavior\ReadHtmlCacheBehavior [ RunTime:0.000440s ]
INFO: [ app_begin ] --END-- [ RunTime:0.000540s ]
SQL: SHOW COLUMNS FROM `user` [ RunTime:0.0167s ]
NOTIC: [2] Missing argument 1 for Think\Model::field(), called in E:\wamp_setup\www\LibrarySystem\Application\Home\Controller\LoginController.class.php on line 19 and defined E:\wamp_setup\www\LibrarySystem\ThinkPHP\Library\Think\Model.class.php 第 1740 行.
NOTIC: [8] Undefined variable: field E:\wamp_setup\www\LibrarySystem\ThinkPHP\Library\Think\Model.class.php 第 1741 行.
NOTIC: [8] Undefined variable: field E:\wamp_setup\www\LibrarySystem\ThinkPHP\Library\Think\Model.class.php 第 1751 行.
NOTIC: [2] Invalid argument supplied for foreach() E:\wamp_setup\www\LibrarySystem\ThinkPHP\Library\Think\Db\Driver.class.php 第 504 行.
SQL: SELECT * FROM `user`  [ RunTime:0.0007s ]
NOTIC: [8] A session had already been started - ignoring session_start() E:\wamp_setup\www\LibrarySystem\Application\Home\Controller\LoginController.class.php 第 21 行.
NOTIC: [8] Undefined offset: 1 E:\wamp_setup\www\LibrarySystem\Application\Home\Controller\LoginController.class.php 第 23 行.

[ 2019-06-12T18:43:53+08:00 ] ::1 /LibrarySystem/index.php/Home/Index/home.html
INFO: [ app_init ] --START--
INFO: Run Behavior\BuildLiteBehavior [ RunTime:0.000026s ]
INFO: [ app_init ] --END-- [ RunTime:0.000537s ]
INFO: [ app_begin ] --START--
INFO: Run Behavior\ReadHtmlCacheBehavior [ RunTime:0.000571s ]
INFO: [ app_begin ] --END-- [ RunTime:0.000680s ]
INFO: [ view_parse ] --START--
INFO: [ template_filter ] --START--
INFO: Run Behavior\ContentReplaceBehavior [ RunTime:0.000113s ]
INFO: [ template_filter ] --END-- [ RunTime:0.000251s ]
INFO: Run Behavior\ParseTemplateBehavior [ RunTime:0.009227s ]
INFO: [ view_parse ] --END-- [ RunTime:0.009361s ]
INFO: [ view_filter ] --START--
INFO: Run Behavior\WriteHtmlCacheBehavior [ RunTime:0.000991s ]
INFO: [ view_filter ] --END-- [ RunTime:0.001131s ]
INFO: [ app_end ] --START--
INFO: Run Behavior\ShowPageTraceBehavior [ RunTime:0.000785s ]
INFO: [ app_end ] --END-- [ RunTime:0.000888s ]

[ 2019-06-12T18:44:18+08:00 ] ::1 /LibrarySystem/Home/Login/postLogin
INFO: [ app_init ] --START--
INFO: Run Behavior\BuildLiteBehavior [ RunTime:0.000022s ]
INFO: [ app_init ] --END-- [ RunTime:0.000544s ]
INFO: [ app_begin ] --START--
INFO: Run Behavior\ReadHtmlCacheBehavior [ RunTime:0.000690s ]
INFO: [ app_begin ] --END-- [ RunTime:0.000798s ]
SQL: SHOW COLUMNS FROM `user` [ RunTime:0.0009s ]
NOTIC: [2] Missing argument 1 for Think\Model::field(), called in E:\wamp_setup\www\LibrarySystem\Application\Home\Controller\LoginController.class.php on line 19 and defined E:\wamp_setup\www\LibrarySystem\ThinkPHP\Library\Think\Model.class.php 第 1740 行.
NOTIC: [8] Undefined variable: field E:\wamp_setup\www\LibrarySystem\ThinkPHP\Library\Think\Model.class.php 第 1741 行.
NOTIC: [8] Undefined variable: field E:\wamp_setup\www\LibrarySystem\ThinkPHP\Library\Think\Model.class.php 第 1751 行.
NOTIC: [2] Invalid argument supplied for foreach() E:\wamp_setup\www\LibrarySystem\ThinkPHP\Library\Think\Db\Driver.class.php 第 504 行.
SQL: SELECT * FROM `user`  [ RunTime:0.0003s ]
NOTIC: [8] A session had already been started - ignoring session_start() E:\wamp_setup\www\LibrarySystem\Application\Home\Controller\LoginController.class.php 第 21 行.
NOTIC: [8] Undefined offset: 1 E:\wamp_setup\www\LibrarySystem\Application\Home\Controller\LoginController.class.php 第 23 行.

[ 2019-06-12T18:44:21+08:00 ] ::1 /LibrarySystem/index.php/Home/Index/home.html
INFO: [ app_init ] --START--
INFO: Run Behavior\BuildLiteBehavior [ RunTime:0.000023s ]
INFO: [ app_init ] --END-- [ RunTime:0.000454s ]
INFO: [ app_begin ] --START--
INFO: Run Behavior\ReadHtmlCacheBehavior [ RunTime:0.000481s ]
INFO: [ app_begin ] --END-- [ RunTime:0.000587s ]
INFO: [ view_parse ] --START--
INFO: [ template_filter ] --START--
INFO: Run Behavior\ContentReplaceBehavior [ RunTime:0.000051s ]
INFO: [ template_filter ] --END-- [ RunTime:0.000154s ]
INFO: Run Behavior\ParseTemplateBehavior [ RunTime:0.006731s ]
INFO: [ view_parse ] --END-- [ RunTime:0.006840s ]
INFO: [ view_filter ] --START--
INFO: Run Behavior\WriteHtmlCacheBehavior [ RunTime:0.000612s ]
INFO: [ view_filter ] --END-- [ RunTime:0.000709s ]
INFO: [ app_end ] --START--
INFO: Run Behavior\ShowPageTraceBehavior [ RunTime:0.000791s ]
INFO: [ app_end ] --END-- [ RunTime:0.000893s ]

[ 2019-06-12T18:48:49+08:00 ] ::1 /LibrarySystem/index.php
INFO: [ app_init ] --START--
INFO: Run Behavior\BuildLiteBehavior [ RunTime:0.000025s ]
INFO: [ app_init ] --END-- [ RunTime:0.000550s ]
INFO: [ app_begin ] --START--
INFO: Run Behavior\ReadHtmlCacheBehavior [ RunTime:0.000876s ]
INFO: [ app_begin ] --END-- [ RunTime:0.001006s ]
INFO: [ view_parse ] --START--
INFO: [ template_filter ] --START--
INFO: Run Behavior\ContentReplaceBehavior [ RunTime:0.000065s ]
INFO: [ template_filter ] --END-- [ RunTime:0.000208s ]
INFO: Run Behavior\ParseTemplateBehavior [ RunTime:0.009154s ]
INFO: [ view_parse ] --END-- [ RunTime:0.009313s ]
INFO: [ view_filter ] --START--
INFO: Run Behavior\WriteHtmlCacheBehavior [ RunTime:0.000934s ]
INFO: [ view_filter ] --END-- [ RunTime:0.001103s ]
INFO: [ app_end ] --START--
INFO: Run Behavior\ShowPageTraceBehavior [ RunTime:0.001615s ]
INFO: [ app_end ] --END-- [ RunTime:0.001843s ]

[ 2019-06-12T18:48:51+08:00 ] ::1 /LibrarySystem/Home/Login/postLogin
INFO: [ app_init ] --START--
INFO: Run Behavior\BuildLiteBehavior [ RunTime:0.000026s ]
INFO: [ app_init ] --END-- [ RunTime:0.000644s ]
INFO: [ app_begin ] --START--
INFO: Run Behavior\ReadHtmlCacheBehavior [ RunTime:0.000517s ]
INFO: [ app_begin ] --END-- [ RunTime:0.000623s ]
SQL: SHOW COLUMNS FROM `user` [ RunTime:0.0010s ]
ERR: 1054:Unknown column 'root' in 'where clause'
 [ SQL语句 ] : select * from user where user_id=root and user_password=rootroot
ERR: 1054:Unknown column 'root' in 'where clause'
 [ SQL语句 ] : select * from user where user_id=root and user_password=rootroot

[ 2019-06-12T18:55:59+08:00 ] ::1 /LibrarySystem/Home/Login/postLogin
INFO: [ app_init ] --START--
INFO: Run Behavior\BuildLiteBehavior [ RunTime:0.000022s ]
INFO: [ app_init ] --END-- [ RunTime:0.000495s ]
INFO: [ app_begin ] --START--
INFO: Run Behavior\ReadHtmlCacheBehavior [ RunTime:0.001202s ]
INFO: [ app_begin ] --END-- [ RunTime:0.001316s ]
SQL: SHOW COLUMNS FROM `user` [ RunTime:0.0011s ]
SQL: select * from user where user_id='root' and user_password='rootroot' [ RunTime:0.0004s ]

[ 2019-06-12T18:56:02+08:00 ] ::1 /LibrarySystem/index.php/Home/Index/login.html
INFO: [ app_init ] --START--
INFO: Run Behavior\BuildLiteBehavior [ RunTime:0.000022s ]
INFO: [ app_init ] --END-- [ RunTime:0.000414s ]
INFO: [ app_begin ] --START--
INFO: Run Behavior\ReadHtmlCacheBehavior [ RunTime:0.000476s ]
INFO: [ app_begin ] --END-- [ RunTime:0.000580s ]
INFO: [ view_parse ] --START--
INFO: [ template_filter ] --START--
INFO: Run Behavior\ContentReplaceBehavior [ RunTime:0.000111s ]
INFO: [ template_filter ] --END-- [ RunTime:0.000243s ]
INFO: Run Behavior\ParseTemplateBehavior [ RunTime:0.006489s ]
INFO: [ view_parse ] --END-- [ RunTime:0.006596s ]
INFO: [ view_filter ] --START--
INFO: Run Behavior\WriteHtmlCacheBehavior [ RunTime:0.000774s ]
INFO: [ view_filter ] --END-- [ RunTime:0.000878s ]
INFO: [ app_end ] --START--
INFO: Run Behavior\ShowPageTraceBehavior [ RunTime:0.000761s ]
INFO: [ app_end ] --END-- [ RunTime:0.000859s ]

[ 2019-06-12T18:56:14+08:00 ] ::1 /LibrarySystem/Home/Login/postLogin
INFO: [ app_init ] --START--
INFO: Run Behavior\BuildLiteBehavior [ RunTime:0.000023s ]
INFO: [ app_init ] --END-- [ RunTime:0.000477s ]
INFO: [ app_begin ] --START--
INFO: Run Behavior\ReadHtmlCacheBehavior [ RunTime:0.000663s ]
INFO: [ app_begin ] --END-- [ RunTime:0.000777s ]
SQL: SHOW COLUMNS FROM `user` [ RunTime:0.0010s ]
SQL: select * from user where user_id='20164450' and user_password='666' [ RunTime:0.0004s ]
NOTIC: [8] A session had already been started - ignoring session_start() E:\wamp_setup\www\LibrarySystem\Application\Home\Controller\LoginController.class.php 第 21 行.
NOTIC: [8] Undefined offset: 1 E:\wamp_setup\www\LibrarySystem\Application\Home\Controller\LoginController.class.php 第 23 行.

[ 2019-06-12T18:56:16+08:00 ] ::1 /LibrarySystem/index.php/Home/Index/home.html
INFO: [ app_init ] --START--
INFO: Run Behavior\BuildLiteBehavior [ RunTime:0.000023s ]
INFO: [ app_init ] --END-- [ RunTime:0.000418s ]
INFO: [ app_begin ] --START--
INFO: Run Behavior\ReadHtmlCacheBehavior [ RunTime:0.000492s ]
INFO: [ app_begin ] --END-- [ RunTime:0.000599s ]
INFO: [ view_parse ] --START--
INFO: [ template_filter ] --START--
INFO: Run Behavior\ContentReplaceBehavior [ RunTime:0.000078s ]
INFO: [ template_filter ] --END-- [ RunTime:0.000216s ]
INFO: Run Behavior\ParseTemplateBehavior [ RunTime:0.007415s ]
INFO: [ view_parse ] --END-- [ RunTime:0.007522s ]
INFO: [ view_filter ] --START--
INFO: Run Behavior\WriteHtmlCacheBehavior [ RunTime:0.000530s ]
INFO: [ view_filter ] --END-- [ RunTime:0.000644s ]
INFO: [ app_end ] --START--
INFO: Run Behavior\ShowPageTraceBehavior [ RunTime:0.001174s ]
INFO: [ app_end ] --END-- [ RunTime:0.001347s ]

[ 2019-06-12T18:56:27+08:00 ] ::1 /LibrarySystem/Home/Login/postLogin
INFO: [ app_init ] --START--
INFO: Run Behavior\BuildLiteBehavior [ RunTime:0.000022s ]
INFO: [ app_init ] --END-- [ RunTime:0.000421s ]
INFO: [ app_begin ] --START--
INFO: Run Behavior\ReadHtmlCacheBehavior [ RunTime:0.000528s ]
INFO: [ app_begin ] --END-- [ RunTime:0.000638s ]

